#
# There is insufficient memory for the Java Runtime Environment to continue.
# Native memory allocation (malloc) failed to allocate 818576 bytes for Chunk::new
# Possible reasons:
#   The system is out of physical RAM or swap space
#   In 32 bit mode, the process size limit was hit
# Possible solutions:
#   Reduce memory load on the system
#   Increase physical memory or swap space
#   Check if swap backing store is full
#   Use 64 bit Java on a 64 bit OS
#   Decrease Java heap size (-Xmx/-Xms)
#   Decrease number of Java threads
#   Decrease Java thread stack sizes (-Xss)
#   Set larger code cache with -XX:ReservedCodeCacheSize=
# This output file may be truncated or incomplete.
#
#  Out of Memory Error (allocation.cpp:390), pid=7048, tid=0x00000000000000f0
#
# JRE version: OpenJDK Runtime Environment (8.0_152-b01) (build 1.8.0_152-release-915-b01)
# Java VM: OpenJDK 64-Bit Server VM (25.152-b01 mixed mode windows-amd64 compressed oops)
# Failed to write core dump. Minidumps are not enabled by default on client versions of Windows
#

---------------  T H R E A D  ---------------

Current thread (0x0000000018459000):  JavaThread "C2 CompilerThread0" daemon [_thread_in_native, id=240, stack(0x0000000019aa0000,0x0000000019ba0000)]

Stack: [0x0000000019aa0000,0x0000000019ba0000]
[error occurred during error reporting (printing stack bounds), id 0xc0000005]

Native frames: (J=compiled Java code, j=interpreted, Vv=VM code, C=native code)


Current CompileTask:
C2:   2848 1302       4       java.net.URLClassLoader$1::run (5 bytes)


---------------  P R O C E S S  ---------------

Java Threads: ( => current thread )
  0x000000001b594800 JavaThread "File lock request listener" [_thread_in_native, id=7516, stack(0x000000001e1b0000,0x000000001e2b0000)]
  0x000000001bce0800 JavaThread "Cache worker for file hash cache (C:\Users\Khoa\.gradle\caches\4.1\fileHashes)" [_thread_blocked, id=11024, stack(0x000000001e0b0000,0x000000001e1b0000)]
  0x000000001b986000 JavaThread "Stdin handler" [_thread_blocked, id=12444, stack(0x000000001ddb0000,0x000000001deb0000)]
  0x000000001b985000 JavaThread "Asynchronous log dispatcher for DefaultDaemonConnection: socket connection from /127.0.0.1:53333 to /127.0.0.1:53334" [_thread_blocked, id=12944, stack(0x000000001dcb0000,0x000000001ddb0000)]
  0x000000001af3c000 JavaThread "Daemon worker" [_thread_in_native, id=10776, stack(0x000000001dbb0000,0x000000001dcb0000)]
  0x000000001b0af800 JavaThread "Cancel handler" [_thread_blocked, id=13164, stack(0x000000001dab0000,0x000000001dbb0000)]
  0x000000001afec000 JavaThread "Handler for socket connection from /127.0.0.1:53333 to /127.0.0.1:53334" [_thread_in_native, id=12356, stack(0x000000001d7b0000,0x000000001d8b0000)]
  0x000000001b16d000 JavaThread "Daemon" [_thread_blocked, id=8744, stack(0x000000001d6b0000,0x000000001d7b0000)]
  0x000000001b695800 JavaThread "Daemon periodic checks" [_thread_blocked, id=10884, stack(0x000000001d5b0000,0x000000001d6b0000)]
  0x000000001b699000 JavaThread "Incoming local TCP Connector on port 53333" [_thread_in_native, id=10804, stack(0x000000001bb70000,0x000000001bc70000)]
  0x0000000019dc0800 JavaThread "Service Thread" daemon [_thread_blocked, id=10908, stack(0x000000001a1a0000,0x000000001a2a0000)]
  0x0000000018461000 JavaThread "C1 CompilerThread2" daemon [_thread_blocked, id=5556, stack(0x0000000019ca0000,0x0000000019da0000)]
  0x000000001845b800 JavaThread "C2 CompilerThread1" daemon [_thread_in_native, id=10720, stack(0x0000000019ba0000,0x0000000019ca0000)]
=>0x0000000018459000 JavaThread "C2 CompilerThread0" daemon [_thread_in_native, id=240, stack(0x0000000019aa0000,0x0000000019ba0000)]
  0x0000000018468000 JavaThread "Attach Listener" daemon [_thread_blocked, id=4480, stack(0x00000000199a0000,0x0000000019aa0000)]
  0x0000000018466800 JavaThread "Signal Dispatcher" daemon [_thread_blocked, id=10888, stack(0x00000000198a0000,0x00000000199a0000)]
  0x0000000004aec800 JavaThread "Finalizer" daemon [_thread_blocked, id=8776, stack(0x00000000196b0000,0x00000000197b0000)]
  0x0000000004ae1800 JavaThread "Reference Handler" daemon [_thread_blocked, id=2336, stack(0x00000000195b0000,0x00000000196b0000)]
  0x000000000486e000 JavaThread "main" [_thread_blocked, id=11472, stack(0x0000000004870000,0x0000000004970000)]

Other Threads:
  0x0000000018425000 VMThread [stack: 0x00000000194b0000,0x00000000195b0000] [id=10064]
  0x00000000184bb800 WatcherThread [stack: 0x000000001a2a0000,0x000000001a3a0000] [id=2512]

VM state:not at safepoint (normal execution)

VM Mutex/Monitor currently owned by a thread: None

Heap:
 PSYoungGen      total 38400K, used 28232K [0x00000000e0000000, 0x00000000e2a80000, 0x0000000100000000)
  eden space 33280K, 69% used [0x00000000e0000000,0x00000000e16941e0,0x00000000e2080000)
  from space 5120K, 99% used [0x00000000e2580000,0x00000000e2a7e070,0x00000000e2a80000)
  to   space 5120K, 0% used [0x00000000e2080000,0x00000000e2080000,0x00000000e2580000)
 ParOldGen       total 87552K, used 982K [0x00000000a0000000, 0x00000000a5580000, 0x00000000e0000000)
  object space 87552K, 1% used [0x00000000a0000000,0x00000000a00f5b08,0x00000000a5580000)
 Metaspace       used 14453K, capacity 14800K, committed 14976K, reserved 1062912K
  class space    used 2028K, capacity 2154K, committed 2176K, reserved 1048576K

Card table byte_map: [0x0000000013eb0000,0x00000000141c0000] byte_map_base: 0x00000000139b0000

Marking Bits: (ParMarkBitMap*) 0x0000000064dd3950
 Begin Bits: [0x00000000147c0000, 0x0000000015fc0000)
 End Bits:   [0x0000000015fc0000, 0x00000000177c0000)

Polling page: 0x0000000002b70000

CodeCache: size=245760Kb used=4805Kb max_used=4805Kb free=240954Kb
 bounds [0x0000000004af0000, 0x0000000004fb0000, 0x0000000013af0000]
 total_blobs=1748 nmethods=1382 adapters=280
 compilation: enabled

Compilation events (10 events):
Event: 2.842 Thread 0x0000000018461000 1376       3       com.google.common.base.Splitter::splittingIterator (12 bytes)
Event: 2.842 Thread 0x0000000018461000 nmethod 1376 0x0000000004fa2550 code [0x0000000004fa26e0, 0x0000000004fa2ae8]
Event: 2.842 Thread 0x0000000018461000 1378       3       com.google.common.base.Splitter$1::iterator (7 bytes)
Event: 2.843 Thread 0x0000000018461000 nmethod 1378 0x0000000004fa2d10 code [0x0000000004fa2e80, 0x0000000004fa31c8]
Event: 2.843 Thread 0x0000000018461000 1379       3       com.google.common.base.Splitter$1::iterator (11 bytes)
Event: 2.843 Thread 0x0000000018461000 nmethod 1379 0x0000000004fa3350 code [0x0000000004fa34c0, 0x0000000004fa3728]
Event: 2.843 Thread 0x0000000018461000 1380       3       com.google.common.base.Splitter$1$1::<init> (12 bytes)
Event: 2.843 Thread 0x0000000018461000 nmethod 1380 0x0000000004fa3850 code [0x0000000004fa39c0, 0x0000000004fa3b68]
Event: 2.843 Thread 0x0000000018461000 1381       3       com.google.common.base.Splitter$SplittingIterator::<init> (39 bytes)
Event: 2.843 Thread 0x0000000018461000 nmethod 1381 0x0000000004fa3c10 code [0x0000000004fa3d80, 0x0000000004fa4030]

GC Heap History (4 events):
Event: 1.052 GC heap before
{Heap before GC invocations=1 (full 0):
 PSYoungGen      total 38400K, used 33280K [0x00000000e0000000, 0x00000000e2a80000, 0x0000000100000000)
  eden space 33280K, 100% used [0x00000000e0000000,0x00000000e2080000,0x00000000e2080000)
  from space 5120K, 0% used [0x00000000e2580000,0x00000000e2580000,0x00000000e2a80000)
  to   space 5120K, 0% used [0x00000000e2080000,0x00000000e2080000,0x00000000e2580000)
 ParOldGen       total 87552K, used 0K [0x00000000a0000000, 0x00000000a5580000, 0x00000000e0000000)
  object space 87552K, 0% used [0x00000000a0000000,0x00000000a0000000,0x00000000a5580000)
 Metaspace       used 6591K, capacity 6766K, committed 7040K, reserved 1056768K
  class space    used 798K, capacity 875K, committed 896K, reserved 1048576K
Event: 1.058 GC heap after
Heap after GC invocations=1 (full 0):
 PSYoungGen      total 38400K, used 4094K [0x00000000e0000000, 0x00000000e2a80000, 0x0000000100000000)
  eden space 33280K, 0% used [0x00000000e0000000,0x00000000e0000000,0x00000000e2080000)
  from space 5120K, 79% used [0x00000000e2080000,0x00000000e247f960,0x00000000e2580000)
  to   space 5120K, 0% used [0x00000000e2580000,0x00000000e2580000,0x00000000e2a80000)
 ParOldGen       total 87552K, used 8K [0x00000000a0000000, 0x00000000a5580000, 0x00000000e0000000)
  object space 87552K, 0% used [0x00000000a0000000,0x00000000a0002000,0x00000000a5580000)
 Metaspace       used 6591K, capacity 6766K, committed 7040K, reserved 1056768K
  class space    used 798K, capacity 875K, committed 896K, reserved 1048576K
}
Event: 2.494 GC heap before
{Heap before GC invocations=2 (full 0):
 PSYoungGen      total 38400K, used 37374K [0x00000000e0000000, 0x00000000e2a80000, 0x0000000100000000)
  eden space 33280K, 100% used [0x00000000e0000000,0x00000000e2080000,0x00000000e2080000)
  from space 5120K, 79% used [0x00000000e2080000,0x00000000e247f960,0x00000000e2580000)
  to   space 5120K, 0% used [0x00000000e2580000,0x00000000e2580000,0x00000000e2a80000)
 ParOldGen       total 87552K, used 8K [0x00000000a0000000, 0x00000000a5580000, 0x00000000e0000000)
  object space 87552K, 0% used [0x00000000a0000000,0x00000000a0002000,0x00000000a5580000)
 Metaspace       used 12294K, capacity 12652K, committed 12928K, reserved 1060864K
  class space    used 1658K, capacity 1800K, committed 1920K, reserved 1048576K
Event: 2.500 GC heap after
Heap after GC invocations=2 (full 0):
 PSYoungGen      total 38400K, used 5112K [0x00000000e0000000, 0x00000000e2a80000, 0x0000000100000000)
  eden space 33280K, 0% used [0x00000000e0000000,0x00000000e0000000,0x00000000e2080000)
  from space 5120K, 99% used [0x00000000e2580000,0x00000000e2a7e070,0x00000000e2a80000)
  to   space 5120K, 0% used [0x00000000e2080000,0x00000000e2080000,0x00000000e2580000)
 ParOldGen       total 87552K, used 982K [0x00000000a0000000, 0x00000000a5580000, 0x00000000e0000000)
  object space 87552K, 1% used [0x00000000a0000000,0x00000000a00f5b08,0x00000000a5580000)
 Metaspace       used 12294K, capacity 12652K, committed 12928K, reserved 1060864K
  class space    used 1658K, capacity 1800K, committed 1920K, reserved 1048576K
}

Deoptimization events (10 events):
Event: 1.362 Thread 0x000000000486e000 Uncommon trap: reason=unstable_if action=reinterpret pc=0x0000000004d4c934 method=java.util.HashMap.getNode(ILjava/lang/Object;)Ljava/util/HashMap$Node; @ 62
Event: 1.710 Thread 0x000000000486e000 Uncommon trap: reason=bimorphic action=maybe_recompile pc=0x0000000004df2080 method=java.util.HashMap.putVal(ILjava/lang/Object;Ljava/lang/Object;ZZ)Ljava/lang/Object; @ 203
Event: 1.901 Thread 0x000000000486e000 Uncommon trap: reason=unstable_if action=reinterpret pc=0x0000000004e09e38 method=java.io.WinNTFileSystem.normalize(Ljava/lang/String;)Ljava/lang/String; @ 128
Event: 1.901 Thread 0x000000000486e000 Uncommon trap: reason=unstable_if action=reinterpret pc=0x0000000004dd49a8 method=java.io.WinNTFileSystem.normalize(Ljava/lang/String;II)Ljava/lang/String; @ 90
Event: 2.433 Thread 0x000000001af3c000 Uncommon trap: reason=bimorphic action=maybe_recompile pc=0x0000000004df11b8 method=java.util.HashMap.putVal(ILjava/lang/Object;Ljava/lang/Object;ZZ)Ljava/lang/Object; @ 253
Event: 2.433 Thread 0x000000001af3c000 Uncommon trap: reason=bimorphic action=maybe_recompile pc=0x0000000004df11b8 method=java.util.HashMap.putVal(ILjava/lang/Object;Ljava/lang/Object;ZZ)Ljava/lang/Object; @ 253
Event: 2.433 Thread 0x000000001af3c000 Uncommon trap: reason=bimorphic action=maybe_recompile pc=0x0000000004df11b8 method=java.util.HashMap.putVal(ILjava/lang/Object;Ljava/lang/Object;ZZ)Ljava/lang/Object; @ 253
Event: 2.716 Thread 0x000000001af3c000 Uncommon trap: reason=class_check action=maybe_recompile pc=0x0000000004d4dd5c method=java.util.regex.Matcher.match(II)Z @ 86
Event: 2.717 Thread 0x000000001af3c000 Uncommon trap: reason=class_check action=maybe_recompile pc=0x0000000004d4dd5c method=java.util.regex.Matcher.match(II)Z @ 86
Event: 2.785 Thread 0x000000001af3c000 Uncommon trap: reason=unstable_if action=reinterpret pc=0x0000000004f584f4 method=java.lang.String.lastIndexOf([CII[CIII)I @ 66

Classes redefined (0 events):
No events

Internal exceptions (10 events):
Event: 2.356 Thread 0x000000001afec000 Exception <a 'java/lang/NoSuchMethodError': <clinit>> (0x00000000e19ebda8) thrown at [D:\src\AOSP-openjdk-cygwin\jdk8u\hotspot\src\share\vm\prims\jni.cpp, line 1613]
Event: 2.358 Thread 0x000000001afec000 Exception <a 'java/lang/NoSuchMethodError': <clinit>> (0x00000000e1a03848) thrown at [D:\src\AOSP-openjdk-cygwin\jdk8u\hotspot\src\share\vm\prims\jni.cpp, line 1613]
Event: 2.359 Thread 0x000000001afec000 Exception <a 'java/lang/NoSuchMethodError': <clinit>> (0x00000000e1a0c310) thrown at [D:\src\AOSP-openjdk-cygwin\jdk8u\hotspot\src\share\vm\prims\jni.cpp, line 1613]
Event: 2.361 Thread 0x000000001afec000 Exception <a 'java/lang/NoSuchMethodError': <clinit>> (0x00000000e1a1d918) thrown at [D:\src\AOSP-openjdk-cygwin\jdk8u\hotspot\src\share\vm\prims\jni.cpp, line 1613]
Event: 2.379 Thread 0x000000001afec000 Exception <a 'java/lang/NoSuchMethodError': <clinit>> (0x00000000e1a9ad88) thrown at [D:\src\AOSP-openjdk-cygwin\jdk8u\hotspot\src\share\vm\prims\jni.cpp, line 1613]
Event: 2.386 Thread 0x000000001afec000 Exception <a 'java/lang/NoSuchMethodError': <clinit>> (0x00000000e1ac46d0) thrown at [D:\src\AOSP-openjdk-cygwin\jdk8u\hotspot\src\share\vm\prims\jni.cpp, line 1613]
Event: 2.388 Thread 0x000000001afec000 Exception <a 'java/lang/NoSuchMethodError': <clinit>> (0x00000000e1ad1f00) thrown at [D:\src\AOSP-openjdk-cygwin\jdk8u\hotspot\src\share\vm\prims\jni.cpp, line 1613]
Event: 2.392 Thread 0x000000001afec000 Exception <a 'java/lang/NoSuchMethodError': <clinit>> (0x00000000e1af5e38) thrown at [D:\src\AOSP-openjdk-cygwin\jdk8u\hotspot\src\share\vm\prims\jni.cpp, line 1613]
Event: 2.421 Thread 0x000000001af3c000 Exception <a 'java/lang/NoSuchMethodError': <clinit>> (0x00000000e1be3518) thrown at [D:\src\AOSP-openjdk-cygwin\jdk8u\hotspot\src\share\vm\prims\jni.cpp, line 1613]
Event: 2.422 Thread 0x000000001af3c000 Exception <a 'java/lang/NoSuchMethodError': <clinit>> (0x00000000e1beb7a0) thrown at [D:\src\AOSP-openjdk-cygwin\jdk8u\hotspot\src\share\vm\prims\jni.cpp, line 1613]

Events (10 events):
Event: 2.841 loading class org/gradle/initialization/layout/BuildLayoutConfiguration
Event: 2.841 loading class org/gradle/initialization/layout/BuildLayoutConfiguration done
Event: 2.842 loading class org/gradle/initialization/layout/BuildLayout
Event: 2.842 loading class org/gradle/initialization/layout/BuildLayout done
Event: 2.842 loading class org/gradle/initialization/SettingsLocation
Event: 2.842 loading class org/gradle/initialization/SettingsLocation done
Event: 2.843 loading class org/gradle/groovy/scripts/StringScriptSource
Event: 2.843 loading class org/gradle/groovy/scripts/StringScriptSource done
Event: 2.843 loading class org/gradle/groovy/scripts/ScriptSource
Event: 2.843 loading class org/gradle/groovy/scripts/ScriptSource done


Dynamic libraries:
0x00007ff683df0000 - 0x00007ff683e21000 	C:\Program Files\Android\Android Studio\jre\bin\java.exe
0x00007ff910140000 - 0x00007ff910320000 	C:\WINDOWS\SYSTEM32\ntdll.dll
0x00007ff90feb0000 - 0x00007ff90ff5e000 	C:\WINDOWS\System32\KERNEL32.DLL
0x00007ff90cfe0000 - 0x00007ff90d246000 	C:\WINDOWS\System32\KERNELBASE.dll
0x00007ff910060000 - 0x00007ff910101000 	C:\WINDOWS\System32\ADVAPI32.dll
0x00007ff90fb70000 - 0x00007ff90fc0d000 	C:\WINDOWS\System32\msvcrt.dll
0x00007ff90fe50000 - 0x00007ff90feab000 	C:\WINDOWS\System32\sechost.dll
0x00007ff90fd20000 - 0x00007ff90fe3f000 	C:\WINDOWS\System32\RPCRT4.dll
0x00007ff90f9e0000 - 0x00007ff90fb6e000 	C:\WINDOWS\System32\USER32.dll
0x00007ff90d3a0000 - 0x00007ff90d3c0000 	C:\WINDOWS\System32\win32u.dll
0x00007ff90d770000 - 0x00007ff90d798000 	C:\WINDOWS\System32\GDI32.dll
0x00007ff90d3c0000 - 0x00007ff90d554000 	C:\WINDOWS\System32\gdi32full.dll
0x00007ff90d250000 - 0x00007ff90d2eb000 	C:\WINDOWS\System32\msvcp_win.dll
0x00007ff90c790000 - 0x00007ff90c886000 	C:\WINDOWS\System32\ucrtbase.dll
0x00007ff900b10000 - 0x00007ff900d79000 	C:\WINDOWS\WinSxS\amd64_microsoft.windows.common-controls_6595b64144ccf1df_6.0.16299.19_none_cc92fab02215da61\COMCTL32.dll
0x00007ff90ef40000 - 0x00007ff90f248000 	C:\WINDOWS\System32\combase.dll
0x00007ff90c540000 - 0x00007ff90c5b2000 	C:\WINDOWS\System32\bcryptPrimitives.dll
0x00007ff90d7a0000 - 0x00007ff90d7cd000 	C:\WINDOWS\System32\IMM32.DLL
0x00000000642c0000 - 0x0000000064392000 	C:\Program Files\Android\Android Studio\jre\jre\bin\msvcr100.dll
0x0000000064610000 - 0x0000000064e4e000 	C:\Program Files\Android\Android Studio\jre\jre\bin\server\jvm.dll
0x00007ff90fe40000 - 0x00007ff90fe48000 	C:\WINDOWS\System32\PSAPI.DLL
0x00007ff8cbb00000 - 0x00007ff8cbb09000 	C:\WINDOWS\SYSTEM32\WSOCK32.dll
0x00007ff909fd0000 - 0x00007ff909ff3000 	C:\WINDOWS\SYSTEM32\WINMM.dll
0x00007ff90f910000 - 0x00007ff90f97c000 	C:\WINDOWS\System32\WS2_32.dll
0x00007ff8fca40000 - 0x00007ff8fca4a000 	C:\WINDOWS\SYSTEM32\VERSION.dll
0x00007ff909d70000 - 0x00007ff909d9a000 	C:\WINDOWS\SYSTEM32\WINMMBASE.dll
0x00007ff90d5c0000 - 0x00007ff90d60a000 	C:\WINDOWS\System32\cfgmgr32.dll
0x00007ff8cb9b0000 - 0x00007ff8cb9bf000 	C:\Program Files\Android\Android Studio\jre\jre\bin\verify.dll
0x00007ff8caa90000 - 0x00007ff8caab9000 	C:\Program Files\Android\Android Studio\jre\jre\bin\java.dll
0x00007ff8caa70000 - 0x00007ff8caa86000 	C:\Program Files\Android\Android Studio\jre\jre\bin\zip.dll
0x00007ff90db00000 - 0x00007ff90ef37000 	C:\WINDOWS\System32\SHELL32.dll
0x00007ff90fc70000 - 0x00007ff90fd16000 	C:\WINDOWS\System32\shcore.dll
0x00007ff90c890000 - 0x00007ff90cfd7000 	C:\WINDOWS\System32\windows.storage.dll
0x00007ff90f6a0000 - 0x00007ff90f6f1000 	C:\WINDOWS\System32\shlwapi.dll
0x00007ff90c500000 - 0x00007ff90c511000 	C:\WINDOWS\System32\kernel.appcore.dll
0x00007ff90c4b0000 - 0x00007ff90c4fc000 	C:\WINDOWS\System32\powrprof.dll
0x00007ff90c520000 - 0x00007ff90c53b000 	C:\WINDOWS\System32\profapi.dll
0x00007ff8caa20000 - 0x00007ff8caa3a000 	C:\Program Files\Android\Android Studio\jre\jre\bin\net.dll
0x00007ff90bcc0000 - 0x00007ff90bd26000 	C:\WINDOWS\system32\mswsock.dll
0x00007ff8caa00000 - 0x00007ff8caa11000 	C:\Program Files\Android\Android Studio\jre\jre\bin\nio.dll
0x00007ff8ffab0000 - 0x00007ff8fface000 	C:\Users\Khoa\.gradle\native\25\windows-amd64\native-platform.dll
0x00007ff8de840000 - 0x00007ff8de84d000 	C:\Program Files\Android\Android Studio\jre\jre\bin\management.dll
0x00007ff90be80000 - 0x00007ff90be97000 	C:\WINDOWS\SYSTEM32\CRYPTSP.dll
0x00007ff90b8d0000 - 0x00007ff90b903000 	C:\WINDOWS\system32\rsaenh.dll
0x00007ff90bf90000 - 0x00007ff90bfb5000 	C:\WINDOWS\SYSTEM32\bcrypt.dll
0x00007ff90c390000 - 0x00007ff90c3b9000 	C:\WINDOWS\SYSTEM32\USERENV.dll
0x00007ff90bea0000 - 0x00007ff90beab000 	C:\WINDOWS\SYSTEM32\CRYPTBASE.dll
0x00007ff90ba50000 - 0x00007ff90ba89000 	C:\WINDOWS\SYSTEM32\IPHLPAPI.DLL
0x00007ff910030000 - 0x00007ff910038000 	C:\WINDOWS\System32\NSI.dll
0x00007ff9048e0000 - 0x00007ff9048f6000 	C:\WINDOWS\SYSTEM32\dhcpcsvc6.DLL
0x00007ff904a70000 - 0x00007ff904a8a000 	C:\WINDOWS\SYSTEM32\dhcpcsvc.DLL

VM Arguments:
jvm_args: -Xmx1536m -Dfile.encoding=windows-1252 -Duser.country=US -Duser.language=en -Duser.variant 
java_command: org.gradle.launcher.daemon.bootstrap.GradleDaemon 4.1
java_class_path (initial): C:\Users\Khoa\.gradle\wrapper\dists\gradle-4.1-all\bzyivzo6n839fup2jbap0tjew\gradle-4.1\lib\gradle-launcher-4.1.jar
Launcher Type: SUN_STANDARD

Environment Variables:
PATH=C:\Program Files (x86)\Intel\iCLS Client\;C:\Program Files\Intel\iCLS Client\;C:\ProgramData\Oracle\Java\javapath;C:\WINDOWS\system32;C:\WINDOWS;C:\WINDOWS\System32\Wbem;C:\WINDOWS\System32\WindowsPowerShell\v1.0\;C:\Program Files\Microsoft SQL Server\110\DTS\Binn\;C:\Program Files (x86)\Microsoft SQL Server\110\Tools\Binn\;C:\Program Files\Microsoft SQL Server\110\Tools\Binn\;C:\Program Files (x86)\Microsoft SQL Server\110\Tools\Binn\ManagementStudio\;C:\Program Files (x86)\Microsoft Visual Studio 10.0\Common7\IDE\PrivateAssemblies\;C:\Program Files (x86)\Microsoft SQL Server\110\DTS\Binn\;C:\Program Files\Intel\Intel(R) Management Engine Components\DAL;C:\Program Files\Intel\Intel(R) Management Engine Components\IPT;C:\Program Files (x86)\Intel\Intel(R) Management Engine Components\DAL;C:\Program Files (x86)\Intel\Intel(R) Management Engine Components\IPT;C:\Program Files (x86)\AMD\ATI.ACE\Core-Static;C:\Program Files (x86)\Intel\OpenCL SDK\2.0\bin\x86;C:\Program Files (x86)\Intel\OpenCL SDK\2.0\bin\x64;C:\Program Files (x86)\Windows Kits\8.1\Windows Performance Toolkit\;C:\Program Files (x86)\Rational\common;C:\Program Files\nodejs\;C:\Users\Khoa\AppData\Local\Microsoft\WindowsApps;C:\Users\Khoa\AppData\Roaming\npm
USERNAME=Khoa
OS=Windows_NT
PROCESSOR_IDENTIFIER=Intel64 Family 6 Model 58 Stepping 9, GenuineIntel



---------------  S Y S T E M  ---------------

OS: Windows 10.0 , 64 bit Build 16299 (10.0.16299.15)

CPU:total 4 (initial active 4) (2 cores per cpu, 2 threads per core) family 6 model 58 stepping 9, cmov, cx8, fxsr, mmx, sse, sse2, sse3, ssse3, sse4.1, sse4.2, popcnt, avx, aes, clmul, erms, ht, tsc, tscinvbit, tscinv

Memory: 4k page, physical 8267364k(1900744k free), swap 10364516k(2568k free)

vm_info: OpenJDK 64-Bit Server VM (25.152-b01) for windows-amd64 JRE (1.8.0_152-release-915-b01), built by "builder" with MS VC++ 10.0 (VS2010)

time: Sat Nov 11 09:39:53 2017
elapsed time: 2 seconds (0d 0h 0m 2s)

