#
# There is insufficient memory for the Java Runtime Environment to continue.
# Native memory allocation (malloc) failed to allocate 1264816 bytes for Chunk::new
# Possible reasons:
#   The system is out of physical RAM or swap space
#   In 32 bit mode, the process size limit was hit
# Possible solutions:
#   Reduce memory load on the system
#   Increase physical memory or swap space
#   Check if swap backing store is full
#   Use 64 bit Java on a 64 bit OS
#   Decrease Java heap size (-Xmx/-Xms)
#   Decrease number of Java threads
#   Decrease Java thread stack sizes (-Xss)
#   Set larger code cache with -XX:ReservedCodeCacheSize=
# This output file may be truncated or incomplete.
#
#  Out of Memory Error (allocation.cpp:390), pid=8900, tid=0x00000000000030cc
#
# JRE version: OpenJDK Runtime Environment (8.0_152-b01) (build 1.8.0_152-release-915-b01)
# Java VM: OpenJDK 64-Bit Server VM (25.152-b01 mixed mode windows-amd64 compressed oops)
# Failed to write core dump. Minidumps are not enabled by default on client versions of Windows
#

---------------  T H R E A D  ---------------

Current thread (0x00000000183f0800):  JavaThread "C2 CompilerThread1" daemon [_thread_in_native, id=12492, stack(0x0000000019b30000,0x0000000019c30000)]

Stack: [0x0000000019b30000,0x0000000019c30000]
[error occurred during error reporting (printing stack bounds), id 0xc0000005]

Native frames: (J=compiled Java code, j=interpreted, Vv=VM code, C=native code)


Current CompileTask:
C2:   7853 3589   !   4       java.net.URLClassLoader$1::run (63 bytes)


---------------  P R O C E S S  ---------------

Java Threads: ( => current thread )
  0x000000001bc95000 JavaThread "Memory manager" [_thread_blocked, id=9536, stack(0x00000000231e0000,0x00000000232e0000)]
  0x000000001bc92000 JavaThread "pool-1-thread-1" [_thread_blocked, id=2952, stack(0x0000000022ad0000,0x0000000022bd0000)]
  0x000000001bc94000 JavaThread "build operations Thread 4" [_thread_blocked, id=12000, stack(0x0000000022220000,0x0000000022320000)]
  0x000000001bf59800 JavaThread "build operations Thread 3" [_thread_blocked, id=8464, stack(0x0000000022120000,0x0000000022220000)]
  0x000000001bf58800 JavaThread "build operations Thread 2" [_thread_blocked, id=12932, stack(0x0000000022020000,0x0000000022120000)]
  0x000000001bf56000 JavaThread "build operations" [_thread_blocked, id=10632, stack(0x0000000021f20000,0x0000000022020000)]
  0x000000001bf5c800 JavaThread "Cache worker for Artifact transforms cache (C:\Users\Khoa\.gradle\caches\transforms-1)" [_thread_blocked, id=12840, stack(0x00000000204d0000,0x00000000205d0000)]
  0x000000001baee800 JavaThread "Cache worker for file hash cache (C:\Users\Khoa\Desktop\16HCB-LienThong\2017-2018\Quan ly qui trinh phan mem\MiniGameCaro\MiniGameCaro\.gradle\4.1\fileHashes)" [_thread_blocked, id=2116, stack(0x000000001e230000,0x000000001e330000)]
  0x000000001b598000 JavaThread "File lock request listener" [_thread_in_native, id=4676, stack(0x000000001df30000,0x000000001e030000)]
  0x000000001b772000 JavaThread "Cache worker for file hash cache (C:\Users\Khoa\.gradle\caches\4.1\fileHashes)" [_thread_blocked, id=12580, stack(0x000000001de30000,0x000000001df30000)]
  0x000000001b231000 JavaThread "Stdin handler" [_thread_blocked, id=12324, stack(0x000000001dd30000,0x000000001de30000)]
  0x000000001b21b800 JavaThread "Asynchronous log dispatcher for DefaultDaemonConnection: socket connection from /127.0.0.1:53283 to /127.0.0.1:53284" [_thread_blocked, id=8848, stack(0x000000001dc30000,0x000000001dd30000)]
  0x000000001b238800 JavaThread "Daemon worker" [_thread_in_Java, id=4028, stack(0x000000001db30000,0x000000001dc30000)]
  0x000000001b234800 JavaThread "Cancel handler" [_thread_blocked, id=3168, stack(0x000000001da30000,0x000000001db30000)]
  0x000000001b835800 JavaThread "Handler for socket connection from /127.0.0.1:53283 to /127.0.0.1:53284" [_thread_in_native, id=4108, stack(0x000000001d730000,0x000000001d830000)]
  0x000000001b835000 JavaThread "Daemon" [_thread_blocked, id=12124, stack(0x000000001d630000,0x000000001d730000)]
  0x000000001b193800 JavaThread "Daemon periodic checks" [_thread_blocked, id=8908, stack(0x000000001d530000,0x000000001d630000)]
  0x000000001b5ec000 JavaThread "Incoming local TCP Connector on port 53283" [_thread_in_native, id=3492, stack(0x000000001bb00000,0x000000001bc00000)]
  0x0000000019d59800 JavaThread "Service Thread" daemon [_thread_blocked, id=228, stack(0x000000001a130000,0x000000001a230000)]
  0x00000000183f6000 JavaThread "C1 CompilerThread2" daemon [_thread_in_native, id=13308, stack(0x0000000019c30000,0x0000000019d30000)]
=>0x00000000183f0800 JavaThread "C2 CompilerThread1" daemon [_thread_in_native, id=12492, stack(0x0000000019b30000,0x0000000019c30000)]
  0x00000000183ee800 JavaThread "C2 CompilerThread0" daemon [_thread_in_native, id=7360, stack(0x0000000019a30000,0x0000000019b30000)]
  0x00000000183ec000 JavaThread "Attach Listener" daemon [_thread_blocked, id=9132, stack(0x0000000019930000,0x0000000019a30000)]
  0x00000000183e9800 JavaThread "Signal Dispatcher" daemon [_thread_blocked, id=8096, stack(0x0000000019830000,0x0000000019930000)]
  0x00000000183d8000 JavaThread "Finalizer" daemon [_thread_blocked, id=6104, stack(0x0000000019640000,0x0000000019740000)]
  0x0000000004a71800 JavaThread "Reference Handler" daemon [_thread_blocked, id=5416, stack(0x0000000019540000,0x0000000019640000)]
  0x000000000497e000 JavaThread "main" [_thread_blocked, id=4956, stack(0x0000000004800000,0x0000000004900000)]

Other Threads:
  0x00000000183b5000 VMThread [stack: 0x0000000019440000,0x0000000019540000] [id=1192]
  0x000000001844d800 WatcherThread [stack: 0x000000001a230000,0x000000001a330000] [id=10772]

VM state:not at safepoint (normal execution)

VM Mutex/Monitor currently owned by a thread: None

Heap:
 PSYoungGen      total 108032K, used 24511K [0x00000000e0000000, 0x00000000e7380000, 0x0000000100000000)
  eden space 97792K, 25% used [0x00000000e0000000,0x00000000e17efe88,0x00000000e5f80000)
  from space 10240K, 0% used [0x00000000e5f80000,0x00000000e5f80000,0x00000000e6980000)
  to   space 9728K, 0% used [0x00000000e6a00000,0x00000000e6a00000,0x00000000e7380000)
 ParOldGen       total 65024K, used 15967K [0x00000000a0000000, 0x00000000a3f80000, 0x00000000e0000000)
  object space 65024K, 24% used [0x00000000a0000000,0x00000000a0f97c50,0x00000000a3f80000)
 Metaspace       used 37257K, capacity 37922K, committed 38360K, reserved 1083392K
  class space    used 5019K, capacity 5279K, committed 5376K, reserved 1048576K

Card table byte_map: [0x0000000013e40000,0x0000000014150000] byte_map_base: 0x0000000013940000

Marking Bits: (ParMarkBitMap*) 0x0000000064dd3950
 Begin Bits: [0x0000000014750000, 0x0000000015f50000)
 End Bits:   [0x0000000015f50000, 0x0000000017750000)

Polling page: 0x0000000002f80000

CodeCache: size=245760Kb used=12023Kb max_used=12254Kb free=233736Kb
 bounds [0x0000000004a80000, 0x00000000056a0000, 0x0000000013a80000]
 total_blobs=4091 nmethods=3380 adapters=622
 compilation: enabled

Compilation events (10 events):
Event: 7.845 Thread 0x00000000183f6000 nmethod 3872 0x000000000537e410 code [0x000000000537e580, 0x000000000537e8c8]
Event: 7.845 Thread 0x00000000183f6000 3873       3       com.google.common.collect.Collections2::cast (5 bytes)
Event: 7.845 Thread 0x00000000183f6000 nmethod 3873 0x000000000537dfd0 code [0x000000000537e140, 0x000000000537e370]
Event: 7.846 Thread 0x00000000183f6000 3874       3       com.google.common.collect.Maps::immutableEntry (10 bytes)
Event: 7.846 Thread 0x00000000183f6000 nmethod 3874 0x000000000537da50 code [0x000000000537dbc0, 0x000000000537de90]
Event: 7.846 Thread 0x00000000183f6000 3875       3       com.google.common.collect.ImmutableMap::checkNoConflict (50 bytes)
Event: 7.847 Thread 0x00000000183f6000 nmethod 3875 0x000000000537be50 code [0x000000000537c0e0, 0x000000000537d218]
Event: 7.847 Thread 0x00000000183f6000 3876       1       sun.misc.SharedSecrets::getJavaLangAccess (4 bytes)
Event: 7.848 Thread 0x00000000183f6000 nmethod 3876 0x000000000537bbd0 code [0x000000000537bd20, 0x000000000537be10]
Event: 7.848 Thread 0x00000000183f6000 3877       3       com.google.common.collect.Iterables$8::iterator (17 bytes)

GC Heap History (10 events):
Event: 3.148 GC heap before
{Heap before GC invocations=5 (full 1):
 PSYoungGen      total 71680K, used 5108K [0x00000000e0000000, 0x00000000e4b00000, 0x0000000100000000)
  eden space 66560K, 0% used [0x00000000e0000000,0x00000000e0000000,0x00000000e4100000)
  from space 5120K, 99% used [0x00000000e4600000,0x00000000e4afd040,0x00000000e4b00000)
  to   space 5120K, 0% used [0x00000000e4100000,0x00000000e4100000,0x00000000e4600000)
 ParOldGen       total 87552K, used 7639K [0x00000000a0000000, 0x00000000a5580000, 0x00000000e0000000)
  object space 87552K, 8% used [0x00000000a0000000,0x00000000a0775dc0,0x00000000a5580000)
 Metaspace       used 20713K, capacity 21092K, committed 21248K, reserved 1067008K
  class space    used 2857K, capacity 3017K, committed 3072K, reserved 1048576K
Event: 3.190 GC heap after
Heap after GC invocations=5 (full 1):
 PSYoungGen      total 71680K, used 0K [0x00000000e0000000, 0x00000000e4b00000, 0x0000000100000000)
  eden space 66560K, 0% used [0x00000000e0000000,0x00000000e0000000,0x00000000e4100000)
  from space 5120K, 0% used [0x00000000e4600000,0x00000000e4600000,0x00000000e4b00000)
  to   space 5120K, 0% used [0x00000000e4100000,0x00000000e4100000,0x00000000e4600000)
 ParOldGen       total 65024K, used 8701K [0x00000000a0000000, 0x00000000a3f80000, 0x00000000e0000000)
  object space 65024K, 13% used [0x00000000a0000000,0x00000000a087f6d0,0x00000000a3f80000)
 Metaspace       used 20713K, capacity 21092K, committed 21248K, reserved 1067008K
  class space    used 2857K, capacity 3017K, committed 3072K, reserved 1048576K
}
Event: 4.283 GC heap before
{Heap before GC invocations=6 (full 1):
 PSYoungGen      total 71680K, used 66560K [0x00000000e0000000, 0x00000000e4b00000, 0x0000000100000000)
  eden space 66560K, 100% used [0x00000000e0000000,0x00000000e4100000,0x00000000e4100000)
  from space 5120K, 0% used [0x00000000e4600000,0x00000000e4600000,0x00000000e4b00000)
  to   space 5120K, 0% used [0x00000000e4100000,0x00000000e4100000,0x00000000e4600000)
 ParOldGen       total 65024K, used 8701K [0x00000000a0000000, 0x00000000a3f80000, 0x00000000e0000000)
  object space 65024K, 13% used [0x00000000a0000000,0x00000000a087f6d0,0x00000000a3f80000)
 Metaspace       used 25637K, capacity 26126K, committed 26240K, reserved 1071104K
  class space    used 3507K, capacity 3682K, committed 3712K, reserved 1048576K
Event: 4.297 GC heap after
Heap after GC invocations=6 (full 1):
 PSYoungGen      total 71680K, used 5093K [0x00000000e0000000, 0x00000000e7400000, 0x0000000100000000)
  eden space 66560K, 0% used [0x00000000e0000000,0x00000000e0000000,0x00000000e4100000)
  from space 5120K, 99% used [0x00000000e4100000,0x00000000e45f97d8,0x00000000e4600000)
  to   space 10240K, 0% used [0x00000000e6a00000,0x00000000e6a00000,0x00000000e7400000)
 ParOldGen       total 65024K, used 10597K [0x00000000a0000000, 0x00000000a3f80000, 0x00000000e0000000)
  object space 65024K, 16% used [0x00000000a0000000,0x00000000a0a59618,0x00000000a3f80000)
 Metaspace       used 25637K, capacity 26126K, committed 26240K, reserved 1071104K
  class space    used 3507K, capacity 3682K, committed 3712K, reserved 1048576K
}
Event: 5.653 GC heap before
{Heap before GC invocations=7 (full 1):
 PSYoungGen      total 71680K, used 71653K [0x00000000e0000000, 0x00000000e7400000, 0x0000000100000000)
  eden space 66560K, 100% used [0x00000000e0000000,0x00000000e4100000,0x00000000e4100000)
  from space 5120K, 99% used [0x00000000e4100000,0x00000000e45f97d8,0x00000000e4600000)
  to   space 10240K, 0% used [0x00000000e6a00000,0x00000000e6a00000,0x00000000e7400000)
 ParOldGen       total 65024K, used 10597K [0x00000000a0000000, 0x00000000a3f80000, 0x00000000e0000000)
  object space 65024K, 16% used [0x00000000a0000000,0x00000000a0a59618,0x00000000a3f80000)
 Metaspace       used 29921K, capacity 30406K, committed 30720K, reserved 1075200K
  class space    used 4069K, capacity 4234K, committed 4352K, reserved 1048576K
Event: 5.667 GC heap after
Heap after GC invocations=7 (full 1):
 PSYoungGen      total 107520K, used 7782K [0x00000000e0000000, 0x00000000e7380000, 0x0000000100000000)
  eden space 97792K, 0% used [0x00000000e0000000,0x00000000e0000000,0x00000000e5f80000)
  from space 9728K, 80% used [0x00000000e6a00000,0x00000000e7199ad8,0x00000000e7380000)
  to   space 10240K, 0% used [0x00000000e5f80000,0x00000000e5f80000,0x00000000e6980000)
 ParOldGen       total 65024K, used 10605K [0x00000000a0000000, 0x00000000a3f80000, 0x00000000e0000000)
  object space 65024K, 16% used [0x00000000a0000000,0x00000000a0a5b618,0x00000000a3f80000)
 Metaspace       used 29921K, capacity 30406K, committed 30720K, reserved 1075200K
  class space    used 4069K, capacity 4234K, committed 4352K, reserved 1048576K
}
Event: 7.191 GC heap before
{Heap before GC invocations=8 (full 1):
 PSYoungGen      total 107520K, used 64204K [0x00000000e0000000, 0x00000000e7380000, 0x0000000100000000)
  eden space 97792K, 57% used [0x00000000e0000000,0x00000000e37197b8,0x00000000e5f80000)
  from space 9728K, 80% used [0x00000000e6a00000,0x00000000e7199ad8,0x00000000e7380000)
  to   space 10240K, 0% used [0x00000000e5f80000,0x00000000e5f80000,0x00000000e6980000)
 ParOldGen       total 65024K, used 10605K [0x00000000a0000000, 0x00000000a3f80000, 0x00000000e0000000)
  object space 65024K, 16% used [0x00000000a0000000,0x00000000a0a5b618,0x00000000a3f80000)
 Metaspace       used 34686K, capacity 35220K, committed 35416K, reserved 1079296K
  class space    used 4699K, capacity 4910K, committed 4992K, reserved 1048576K
Event: 7.212 GC heap after
Heap after GC invocations=8 (full 1):
 PSYoungGen      total 108032K, used 9813K [0x00000000e0000000, 0x00000000e7380000, 0x0000000100000000)
  eden space 97792K, 0% used [0x00000000e0000000,0x00000000e0000000,0x00000000e5f80000)
  from space 10240K, 95% used [0x00000000e5f80000,0x00000000e6915480,0x00000000e6980000)
  to   space 9728K, 0% used [0x00000000e6a00000,0x00000000e6a00000,0x00000000e7380000)
 ParOldGen       total 65024K, used 10677K [0x00000000a0000000, 0x00000000a3f80000, 0x00000000e0000000)
  object space 65024K, 16% used [0x00000000a0000000,0x00000000a0a6d628,0x00000000a3f80000)
 Metaspace       used 34686K, capacity 35220K, committed 35416K, reserved 1079296K
  class space    used 4699K, capacity 4910K, committed 4992K, reserved 1048576K
}
Event: 7.212 GC heap before
{Heap before GC invocations=9 (full 2):
 PSYoungGen      total 108032K, used 9813K [0x00000000e0000000, 0x00000000e7380000, 0x0000000100000000)
  eden space 97792K, 0% used [0x00000000e0000000,0x00000000e0000000,0x00000000e5f80000)
  from space 10240K, 95% used [0x00000000e5f80000,0x00000000e6915480,0x00000000e6980000)
  to   space 9728K, 0% used [0x00000000e6a00000,0x00000000e6a00000,0x00000000e7380000)
 ParOldGen       total 65024K, used 10677K [0x00000000a0000000, 0x00000000a3f80000, 0x00000000e0000000)
  object space 65024K, 16% used [0x00000000a0000000,0x00000000a0a6d628,0x00000000a3f80000)
 Metaspace       used 34686K, capacity 35220K, committed 35416K, reserved 1079296K
  class space    used 4699K, capacity 4910K, committed 4992K, reserved 1048576K
Event: 7.323 GC heap after
Heap after GC invocations=9 (full 2):
 PSYoungGen      total 108032K, used 0K [0x00000000e0000000, 0x00000000e7380000, 0x0000000100000000)
  eden space 97792K, 0% used [0x00000000e0000000,0x00000000e0000000,0x00000000e5f80000)
  from space 10240K, 0% used [0x00000000e5f80000,0x00000000e5f80000,0x00000000e6980000)
  to   space 9728K, 0% used [0x00000000e6a00000,0x00000000e6a00000,0x00000000e7380000)
 ParOldGen       total 65024K, used 15967K [0x00000000a0000000, 0x00000000a3f80000, 0x00000000e0000000)
  object space 65024K, 24% used [0x00000000a0000000,0x00000000a0f97c50,0x00000000a3f80000)
 Metaspace       used 34686K, capacity 35220K, committed 35416K, reserved 1079296K
  class space    used 4699K, capacity 4910K, committed 4992K, reserved 1048576K
}

Deoptimization events (10 events):
Event: 6.799 Thread 0x000000001b238800 Uncommon trap: reason=class_check action=maybe_recompile pc=0x000000000518d798 method=java.io.BufferedInputStream.read1([BII)I @ 39
Event: 6.882 Thread 0x000000001b238800 Uncommon trap: reason=class_check action=maybe_recompile pc=0x00000000053d9db4 method=java.util.Hashtable.get(Ljava/lang/Object;)Ljava/lang/Object; @ 6
Event: 6.882 Thread 0x000000001b238800 Uncommon trap: reason=class_check action=maybe_recompile pc=0x00000000053d9db4 method=java.util.Hashtable.get(Ljava/lang/Object;)Ljava/lang/Object; @ 6
Event: 6.882 Thread 0x000000001b238800 Uncommon trap: reason=class_check action=maybe_recompile pc=0x00000000053d9db4 method=java.util.Hashtable.get(Ljava/lang/Object;)Ljava/lang/Object; @ 6
Event: 6.882 Thread 0x000000001b238800 Uncommon trap: reason=class_check action=maybe_recompile pc=0x00000000053d9db4 method=java.util.Hashtable.get(Ljava/lang/Object;)Ljava/lang/Object; @ 6
Event: 6.913 Thread 0x000000001b238800 Uncommon trap: reason=unstable_if action=reinterpret pc=0x0000000004c13d38 method=java.lang.String.replace(CC)Ljava/lang/String; @ 2
Event: 6.918 Thread 0x000000001b238800 Uncommon trap: reason=bimorphic action=maybe_recompile pc=0x00000000051d2fc8 method=org.codehaus.groovy.runtime.metaclass.MetaMethodIndex.addMethodToList(Ljava/lang/Object;Lgroovy/lang/MetaMethod;)Ljava/lang/Object; @ 96
Event: 7.035 Thread 0x000000001b238800 Uncommon trap: reason=unstable_if action=reinterpret pc=0x000000000538e790 method=java.lang.Integer.valueOf(I)Ljava/lang/Integer; @ 3
Event: 7.039 Thread 0x000000001b238800 Uncommon trap: reason=predicate action=maybe_recompile pc=0x00000000053331a8 method=java.util.Arrays.binarySearch0([Ljava/lang/Object;IILjava/lang/Object;Ljava/util/Comparator;)I @ 28
Event: 7.105 Thread 0x000000001b238800 Uncommon trap: reason=unstable_if action=reinterpret pc=0x0000000004fbacac method=sun.misc.MetaIndex.mayContain(Ljava/lang/String;)Z @ 38

Classes redefined (0 events):
No events

Internal exceptions (10 events):
Event: 6.921 Thread 0x000000001b238800 Exception <a 'java/lang/ClassNotFoundException': org/gradle/api/internal/project/ant/BasicAntBuilderBeanInfo> (0x00000000e2f90a68) thrown at [D:\src\AOSP-openjdk-cygwin\jdk8u\hotspot\src\share\vm\classfile\systemDictionary.cpp, line 210]
Event: 6.923 Thread 0x000000001b238800 Exception <a 'java/lang/ClassNotFoundException': org/gradle/api/AntBuilderBeanInfo> (0x00000000e2fb1b50) thrown at [D:\src\AOSP-openjdk-cygwin\jdk8u\hotspot\src\share\vm\classfile\systemDictionary.cpp, line 210]
Event: 6.924 Thread 0x000000001b238800 Exception <a 'java/lang/ClassNotFoundException': groovy/util/AntBuilderBeanInfo> (0x00000000e2fd1eb8) thrown at [D:\src\AOSP-openjdk-cygwin\jdk8u\hotspot\src\share\vm\classfile\systemDictionary.cpp, line 210]
Event: 6.925 Thread 0x000000001b238800 Exception <a 'java/lang/ClassNotFoundException': groovy/util/BuilderSupportBeanInfo> (0x00000000e2ff3900) thrown at [D:\src\AOSP-openjdk-cygwin\jdk8u\hotspot\src\share\vm\classfile\systemDictionary.cpp, line 210]
Event: 6.926 Thread 0x000000001b238800 Exception <a 'java/lang/ClassNotFoundException': groovy/util/BuilderSupportCustomizer> (0x00000000e30173c0) thrown at [D:\src\AOSP-openjdk-cygwin\jdk8u\hotspot\src\share\vm\classfile\systemDictionary.cpp, line 210]
Event: 6.927 Thread 0x000000001b238800 Exception <a 'java/lang/ClassNotFoundException': groovy/util/AntBuilderCustomizer> (0x00000000e303b4d8) thrown at [D:\src\AOSP-openjdk-cygwin\jdk8u\hotspot\src\share\vm\classfile\systemDictionary.cpp, line 210]
Event: 6.929 Thread 0x000000001b238800 Exception <a 'java/lang/ClassNotFoundException': org/gradle/api/AntBuilderCustomizer> (0x00000000e3064428) thrown at [D:\src\AOSP-openjdk-cygwin\jdk8u\hotspot\src\share\vm\classfile\systemDictionary.cpp, line 210]
Event: 6.930 Thread 0x000000001b238800 Exception <a 'java/lang/ClassNotFoundException': org/gradle/api/internal/project/ant/BasicAntBuilderCustomizer> (0x00000000e30a0c38) thrown at [D:\src\AOSP-openjdk-cygwin\jdk8u\hotspot\src\share\vm\classfile\systemDictionary.cpp, line 210]
Event: 6.932 Thread 0x000000001b238800 Exception <a 'java/lang/ClassNotFoundException': org/gradle/api/internal/project/DefaultAntBuilderCustomizer> (0x00000000e30e3d20) thrown at [D:\src\AOSP-openjdk-cygwin\jdk8u\hotspot\src\share\vm\classfile\systemDictionary.cpp, line 210]
Event: 7.390 Thread 0x000000001b238800 Exception <a 'sun/nio/fs/WindowsException'> (0x00000000e02ef090) thrown at [D:\src\AOSP-openjdk-cygwin\jdk8u\hotspot\src\share\vm\prims\jni.cpp, line 709]

Events (10 events):
Event: 7.827 loading class org/gradle/language/base/ProjectSourceSet
Event: 7.827 loading class org/gradle/language/base/ProjectSourceSet done
Event: 7.831 loading class org/gradle/platform/base/plugins/BinaryBasePlugin
Event: 7.831 loading class org/gradle/platform/base/plugins/BinaryBasePlugin done
Event: 7.832 loading class org/gradle/platform/base/plugins/BinaryBasePlugin$Rules
Event: 7.832 loading class org/gradle/platform/base/plugins/BinaryBasePlugin$Rules done
Event: 7.834 loading class org/gradle/platform/base/internal/BinarySpecInternal
Event: 7.834 loading class org/gradle/platform/base/internal/BinarySpecInternal done
Event: 7.843 loading class org/gradle/platform/base/BinaryTasksCollection
Event: 7.843 loading class org/gradle/platform/base/BinaryTasksCollection done


Dynamic libraries:
0x00007ff683df0000 - 0x00007ff683e21000 	C:\Program Files\Android\Android Studio\jre\bin\java.exe
0x00007ff910140000 - 0x00007ff910320000 	C:\WINDOWS\SYSTEM32\ntdll.dll
0x00007ff90feb0000 - 0x00007ff90ff5e000 	C:\WINDOWS\System32\KERNEL32.DLL
0x00007ff90cfe0000 - 0x00007ff90d246000 	C:\WINDOWS\System32\KERNELBASE.dll
0x00007ff910060000 - 0x00007ff910101000 	C:\WINDOWS\System32\ADVAPI32.dll
0x00007ff90fb70000 - 0x00007ff90fc0d000 	C:\WINDOWS\System32\msvcrt.dll
0x00007ff90fe50000 - 0x00007ff90feab000 	C:\WINDOWS\System32\sechost.dll
0x00007ff90fd20000 - 0x00007ff90fe3f000 	C:\WINDOWS\System32\RPCRT4.dll
0x00007ff90f9e0000 - 0x00007ff90fb6e000 	C:\WINDOWS\System32\USER32.dll
0x00007ff90d3a0000 - 0x00007ff90d3c0000 	C:\WINDOWS\System32\win32u.dll
0x00007ff90d770000 - 0x00007ff90d798000 	C:\WINDOWS\System32\GDI32.dll
0x00007ff90d3c0000 - 0x00007ff90d554000 	C:\WINDOWS\System32\gdi32full.dll
0x00007ff90d250000 - 0x00007ff90d2eb000 	C:\WINDOWS\System32\msvcp_win.dll
0x00007ff90c790000 - 0x00007ff90c886000 	C:\WINDOWS\System32\ucrtbase.dll
0x00007ff900b10000 - 0x00007ff900d79000 	C:\WINDOWS\WinSxS\amd64_microsoft.windows.common-controls_6595b64144ccf1df_6.0.16299.19_none_cc92fab02215da61\COMCTL32.dll
0x00007ff90ef40000 - 0x00007ff90f248000 	C:\WINDOWS\System32\combase.dll
0x00007ff90c540000 - 0x00007ff90c5b2000 	C:\WINDOWS\System32\bcryptPrimitives.dll
0x00007ff90d7a0000 - 0x00007ff90d7cd000 	C:\WINDOWS\System32\IMM32.DLL
0x00000000642c0000 - 0x0000000064392000 	C:\Program Files\Android\Android Studio\jre\jre\bin\msvcr100.dll
0x0000000064610000 - 0x0000000064e4e000 	C:\Program Files\Android\Android Studio\jre\jre\bin\server\jvm.dll
0x00007ff90fe40000 - 0x00007ff90fe48000 	C:\WINDOWS\System32\PSAPI.DLL
0x00007ff8cbb00000 - 0x00007ff8cbb09000 	C:\WINDOWS\SYSTEM32\WSOCK32.dll
0x00007ff909fd0000 - 0x00007ff909ff3000 	C:\WINDOWS\SYSTEM32\WINMM.dll
0x00007ff8fca40000 - 0x00007ff8fca4a000 	C:\WINDOWS\SYSTEM32\VERSION.dll
0x00007ff90f910000 - 0x00007ff90f97c000 	C:\WINDOWS\System32\WS2_32.dll
0x00007ff909d70000 - 0x00007ff909d9a000 	C:\WINDOWS\SYSTEM32\winmmbase.dll
0x00007ff90d5c0000 - 0x00007ff90d60a000 	C:\WINDOWS\System32\cfgmgr32.dll
0x00007ff8cb9b0000 - 0x00007ff8cb9bf000 	C:\Program Files\Android\Android Studio\jre\jre\bin\verify.dll
0x00007ff8caa90000 - 0x00007ff8caab9000 	C:\Program Files\Android\Android Studio\jre\jre\bin\java.dll
0x00007ff8caa70000 - 0x00007ff8caa86000 	C:\Program Files\Android\Android Studio\jre\jre\bin\zip.dll
0x00007ff90db00000 - 0x00007ff90ef37000 	C:\WINDOWS\System32\SHELL32.dll
0x00007ff90fc70000 - 0x00007ff90fd16000 	C:\WINDOWS\System32\shcore.dll
0x00007ff90c890000 - 0x00007ff90cfd7000 	C:\WINDOWS\System32\windows.storage.dll
0x00007ff90f6a0000 - 0x00007ff90f6f1000 	C:\WINDOWS\System32\shlwapi.dll
0x00007ff90c500000 - 0x00007ff90c511000 	C:\WINDOWS\System32\kernel.appcore.dll
0x00007ff90c4b0000 - 0x00007ff90c4fc000 	C:\WINDOWS\System32\powrprof.dll
0x00007ff90c520000 - 0x00007ff90c53b000 	C:\WINDOWS\System32\profapi.dll
0x00007ff8caa20000 - 0x00007ff8caa3a000 	C:\Program Files\Android\Android Studio\jre\jre\bin\net.dll
0x00007ff90bcc0000 - 0x00007ff90bd26000 	C:\WINDOWS\system32\mswsock.dll
0x00007ff8caa00000 - 0x00007ff8caa11000 	C:\Program Files\Android\Android Studio\jre\jre\bin\nio.dll
0x00007ff8ffab0000 - 0x00007ff8fface000 	C:\Users\Khoa\.gradle\native\25\windows-amd64\native-platform.dll
0x00007ff8de840000 - 0x00007ff8de84d000 	C:\Program Files\Android\Android Studio\jre\jre\bin\management.dll
0x00007ff90be80000 - 0x00007ff90be97000 	C:\WINDOWS\SYSTEM32\CRYPTSP.dll
0x00007ff90b8d0000 - 0x00007ff90b903000 	C:\WINDOWS\system32\rsaenh.dll
0x00007ff90bf90000 - 0x00007ff90bfb5000 	C:\WINDOWS\SYSTEM32\bcrypt.dll
0x00007ff90c390000 - 0x00007ff90c3b9000 	C:\WINDOWS\SYSTEM32\USERENV.dll
0x00007ff90bea0000 - 0x00007ff90beab000 	C:\WINDOWS\SYSTEM32\CRYPTBASE.dll
0x00007ff90ba50000 - 0x00007ff90ba89000 	C:\WINDOWS\SYSTEM32\IPHLPAPI.DLL
0x00007ff910030000 - 0x00007ff910038000 	C:\WINDOWS\System32\NSI.dll
0x00007ff9048e0000 - 0x00007ff9048f6000 	C:\WINDOWS\SYSTEM32\dhcpcsvc6.DLL
0x00007ff904a70000 - 0x00007ff904a8a000 	C:\WINDOWS\SYSTEM32\dhcpcsvc.DLL

VM Arguments:
jvm_args: -Xmx1536m -Dfile.encoding=windows-1252 -Duser.country=US -Duser.language=en -Duser.variant 
java_command: org.gradle.launcher.daemon.bootstrap.GradleDaemon 4.1
java_class_path (initial): C:\Users\Khoa\.gradle\wrapper\dists\gradle-4.1-all\bzyivzo6n839fup2jbap0tjew\gradle-4.1\lib\gradle-launcher-4.1.jar
Launcher Type: SUN_STANDARD

Environment Variables:
PATH=C:\Program Files (x86)\Intel\iCLS Client\;C:\Program Files\Intel\iCLS Client\;C:\ProgramData\Oracle\Java\javapath;C:\WINDOWS\system32;C:\WINDOWS;C:\WINDOWS\System32\Wbem;C:\WINDOWS\System32\WindowsPowerShell\v1.0\;C:\Program Files\Microsoft SQL Server\110\DTS\Binn\;C:\Program Files (x86)\Microsoft SQL Server\110\Tools\Binn\;C:\Program Files\Microsoft SQL Server\110\Tools\Binn\;C:\Program Files (x86)\Microsoft SQL Server\110\Tools\Binn\ManagementStudio\;C:\Program Files (x86)\Microsoft Visual Studio 10.0\Common7\IDE\PrivateAssemblies\;C:\Program Files (x86)\Microsoft SQL Server\110\DTS\Binn\;C:\Program Files\Intel\Intel(R) Management Engine Components\DAL;C:\Program Files\Intel\Intel(R) Management Engine Components\IPT;C:\Program Files (x86)\Intel\Intel(R) Management Engine Components\DAL;C:\Program Files (x86)\Intel\Intel(R) Management Engine Components\IPT;C:\Program Files (x86)\AMD\ATI.ACE\Core-Static;C:\Program Files (x86)\Intel\OpenCL SDK\2.0\bin\x86;C:\Program Files (x86)\Intel\OpenCL SDK\2.0\bin\x64;C:\Program Files (x86)\Windows Kits\8.1\Windows Performance Toolkit\;C:\Program Files (x86)\Rational\common;C:\Program Files\nodejs\;C:\Users\Khoa\AppData\Local\Microsoft\WindowsApps;C:\Users\Khoa\AppData\Roaming\npm
USERNAME=Khoa
OS=Windows_NT
PROCESSOR_IDENTIFIER=Intel64 Family 6 Model 58 Stepping 9, GenuineIntel



---------------  S Y S T E M  ---------------

OS: Windows 10.0 , 64 bit Build 16299 (10.0.16299.15)

CPU:total 4 (initial active 4) (2 cores per cpu, 2 threads per core) family 6 model 58 stepping 9, cmov, cx8, fxsr, mmx, sse, sse2, sse3, ssse3, sse4.1, sse4.2, popcnt, avx, aes, clmul, erms, ht, tsc, tscinvbit, tscinv

Memory: 4k page, physical 8267364k(1939588k free), swap 10364516k(9460k free)

vm_info: OpenJDK 64-Bit Server VM (25.152-b01) for windows-amd64 JRE (1.8.0_152-release-915-b01), built by "builder" with MS VC++ 10.0 (VS2010)

time: Sat Nov 11 09:39:14 2017
elapsed time: 7 seconds (0d 0h 0m 7s)

